This file contains any messages produced by compilers while
running configure, to aid debugging if configure makes a mistake.

It was created by configure, which was
generated by GNU Autoconf 2.53.  Invocation command line was

  $ ./configure --build=i386-linux --host=i386-linux --target=i386-linux

## --------- ##
## Platform. ##
## --------- ##

hostname = davevmhp
uname -m = i686
uname -r = 2.4.18-14
uname -s = Linux
uname -v = #1 Wed Sep 4 13:35:50 EDT 2002

/usr/bin/uname -p = unknown
/bin/uname -X     = unknown

/bin/arch              = i686
/usr/bin/arch -k       = unknown
/usr/convex/getsysinfo = unknown
hostinfo               = unknown
/bin/machine           = unknown
/usr/bin/oslevel       = unknown
/bin/universe          = unknown

PATH: /usr/local/sbin
PATH: /usr/local/bin
PATH: /sbin
PATH: /bin
PATH: /usr/sbin
PATH: /usr/bin
PATH: /usr/X11R6/bin
PATH: /root/bin


## ----------- ##
## Core tests. ##
## ----------- ##

configure:1428: checking build system type
configure:1446: result: i386-pc-linux-gnu
configure:1454: checking host system type
configure:1468: result: i386-pc-linux-gnu
configure:1476: checking target system type
configure:1490: result: i386-pc-linux-gnu
configure:1522: checking for a BSD-compatible install
configure:1576: result: /usr/bin/install -c
configure:1591: checking for -p flag to install
configure:1604: result: yes
configure:1615: checking whether build environment is sane
configure:1658: result: yes
configure:1692: checking for gawk
configure:1708: found /bin/gawk
configure:1718: result: gawk
configure:1728: checking whether make sets ${MAKE}
configure:1748: result: yes
configure:1872: checking for style of include used by make
configure:1900: result: GNU
configure:1988: checking for i386-linux-gcc
configure:2014: result: gcc
configure:2296: checking for C compiler version
configure:2299: gcc --version </dev/null >&5
gcc (GCC) 3.2 20020903 (Red Hat Linux 8.0 3.2-7)
Copyright (C) 2002 Free Software Foundation, Inc.
This is free software; see the source for copying conditions.  There is NO
warranty; not even for MERCHANTABILITY or FITNESS FOR A PARTICULAR PURPOSE.

configure:2302: $? = 0
configure:2304: gcc -v </dev/null >&5
Reading specs from /usr/lib/gcc-lib/i386-redhat-linux/3.2/specs
Configured with: ../configure --prefix=/usr --mandir=/usr/share/man --infodir=/usr/share/info --enable-shared --enable-threads=posix --disable-checking --host=i386-redhat-linux --with-system-zlib --enable-__cxa_atexit
Thread model: posix
gcc version 3.2 20020903 (Red Hat Linux 8.0 3.2-7)
configure:2307: $? = 0
configure:2309: gcc -V </dev/null >&5
gcc: argument to `-V' is missing
configure:2312: $? = 1
configure:2338: checking for C compiler default output
configure:2341: gcc     conftest.c  >&5
configure:2344: $? = 0
configure:2377: result: a.out
configure:2382: checking whether the C compiler works
configure:2388: ./a.out
configure:2391: $? = 0
configure:2406: result: yes
configure:2413: checking whether we are cross compiling
configure:2415: result: no
configure:2418: checking for suffix of executables
configure:2420: gcc -o conftest     conftest.c  >&5
configure:2423: $? = 0
configure:2445: result: 
configure:2451: checking for suffix of object files
configure:2475: gcc -c    conftest.c >&5
configure:2478: $? = 0
configure:2497: result: o
configure:2501: checking whether we are using the GNU C compiler
configure:2528: gcc -c    conftest.c >&5
configure:2531: $? = 0
configure:2534: test -s conftest.o
configure:2537: $? = 0
configure:2549: result: yes
configure:2555: checking whether gcc accepts -g
configure:2579: gcc -c -g  conftest.c >&5
configure:2582: $? = 0
configure:2585: test -s conftest.o
configure:2588: $? = 0
configure:2598: result: yes
configure:2625: gcc -c    conftest.c >&5
conftest.c:2: parse error before "me"
configure:2628: $? = 1
configure: failed program was:
#ifndef __cplusplus
  choke me
#endif
configure:2740: checking dependency style of gcc
configure:2802: result: gcc3
configure:2813: checking how to run the C preprocessor
configure:2915: result: cpp
configure:2930: cpp  conftest.c
configure:2936: $? = 0
configure:2963: cpp  conftest.c
configure:2959:28: ac_nonexistent.h: No such file or directory
configure:2969: $? = 1
configure: failed program was:
#line 2958 "configure"
#include "confdefs.h"
#include <ac_nonexistent.h>
configure:3047: checking for i386-linux-g++
configure:3073: result: g++
configure:3131: checking for C++ compiler version
configure:3134: g++ --version </dev/null >&5
g++ (GCC) 3.2 20020903 (Red Hat Linux 8.0 3.2-7)
Copyright (C) 2002 Free Software Foundation, Inc.
This is free software; see the source for copying conditions.  There is NO
warranty; not even for MERCHANTABILITY or FITNESS FOR A PARTICULAR PURPOSE.

configure:3137: $? = 0
configure:3139: g++ -v </dev/null >&5
Reading specs from /usr/lib/gcc-lib/i386-redhat-linux/3.2/specs
Configured with: ../configure --prefix=/usr --mandir=/usr/share/man --infodir=/usr/share/info --enable-shared --enable-threads=posix --disable-checking --host=i386-redhat-linux --with-system-zlib --enable-__cxa_atexit
Thread model: posix
gcc version 3.2 20020903 (Red Hat Linux 8.0 3.2-7)
configure:3142: $? = 0
configure:3144: g++ -V </dev/null >&5
g++: argument to `-V' missing

configure:3147: $? = 1
configure:3150: checking whether we are using the GNU C++ compiler
configure:3177: g++ -c  -O1 -Wall   conftest.cc >&5
configure:3180: $? = 0
configure:3183: test -s conftest.o
configure:3186: $? = 0
configure:3198: result: yes
configure:3204: checking whether g++ accepts -g
configure:3228: g++ -c -g  conftest.cc >&5
configure:3231: $? = 0
configure:3234: test -s conftest.o
configure:3237: $? = 0
configure:3247: result: yes
configure:3293: g++ -c  -O1 -Wall   conftest.cc >&5
configure:3296: $? = 0
configure:3299: test -s conftest.o
configure:3302: $? = 0
configure:3330: g++ -c  -O1 -Wall   conftest.cc >&5
configure: In function `int main()':
configure:3322: `exit' undeclared (first use this function)
configure:3322: (Each undeclared identifier is reported only once for each 
   function it appears in.)
configure:3333: $? = 1
configure: failed program was:
#line 3311 "configure"
#include "confdefs.h"

#ifdef F77_DUMMY_MAIN
#  ifdef __cplusplus
     extern "C"
#  endif
   int F77_DUMMY_MAIN() { return 1; }
#endif
int
main ()
{
exit (42);
  ;
  return 0;
}
configure:3293: g++ -c  -O1 -Wall   conftest.cc >&5
configure:3296: $? = 0
configure:3299: test -s conftest.o
configure:3302: $? = 0
configure:3330: g++ -c  -O1 -Wall   conftest.cc >&5
configure:3333: $? = 0
configure:3336: test -s conftest.o
configure:3339: $? = 0
configure:3363: checking dependency style of g++
configure:3425: result: gcc3
configure:3712: checking whether g++ supports -Wundef
configure:3751: rm -rf SunWS_cache; g++ -o conftest -Wall -pedantic -W -Wpointer-arith -Wmissing-prototypes -Wwrite-strings -ansi -D_XOPEN_SOURCE=500 -D_BSD_SOURCE -Wcast-align -Wconversion -O2  -O1 -Wall  -Wundef   conftest.cc  1>&5
configure:3754: $? = 0
configure:3757: test -s conftest
configure:3760: $? = 0
configure:3779: result: yes
configure:3791: checking whether g++ supports -Wbad-function-cast
configure:3830: rm -rf SunWS_cache; g++ -o conftest -Wundef -Wall -pedantic -W -Wpointer-arith -Wmissing-prototypes -Wwrite-strings -ansi -D_XOPEN_SOURCE=500 -D_BSD_SOURCE -Wcast-align -Wconversion -O2  -O1 -Wall  -Wbad-function-cast   conftest.cc  1>&5
cc1plus: warning: ignoring command line option '-Wbad-function-cast'
configure:3833: $? = 0
configure:3836: test -s conftest
configure:3839: $? = 0
configure:3858: result: yes
configure:3870: checking whether g++ supports -Wno-long-long
configure:3909: rm -rf SunWS_cache; g++ -o conftest -Wbad-function-cast -Wundef -Wall -pedantic -W -Wpointer-arith -Wmissing-prototypes -Wwrite-strings -ansi -D_XOPEN_SOURCE=500 -D_BSD_SOURCE -Wcast-align -Wconversion -O2  -O1 -Wall  -Wno-long-long   conftest.cc  1>&5
configure:3912: $? = 0
configure:3915: test -s conftest
configure:3918: $? = 0
configure:3937: result: yes
configure:3949: checking whether g++ supports -Wnon-virtual-dtor
configure:3988: rm -rf SunWS_cache; g++ -o conftest -Wno-long-long -Wbad-function-cast -Wundef -Wall -pedantic -W -Wpointer-arith -Wmissing-prototypes -Wwrite-strings -ansi -D_XOPEN_SOURCE=500 -D_BSD_SOURCE -Wcast-align -Wconversion -O2  -O1 -Wall  -Wnon-virtual-dtor   conftest.cc  1>&5
configure:3991: $? = 0
configure:3994: test -s conftest
configure:3997: $? = 0
configure:4016: result: yes
configure:4036: checking whether g++ supports -fno-exceptions
configure:4075: rm -rf SunWS_cache; g++ -o conftest -Wnon-virtual-dtor -Wno-long-long -Wbad-function-cast -Wundef -Wall -pedantic -W -Wpointer-arith -Wmissing-prototypes -Wwrite-strings -ansi -D_XOPEN_SOURCE=500 -D_BSD_SOURCE -Wcast-align -Wconversion -O2  -O1 -Wall  -fno-exceptions   conftest.cc  1>&5
configure:4078: $? = 0
configure:4081: test -s conftest
configure:4084: $? = 0
configure:4103: result: yes
configure:4115: checking whether g++ supports -fno-check-new
configure:4154: rm -rf SunWS_cache; g++ -o conftest -Wnon-virtual-dtor -Wno-long-long -Wbad-function-cast -Wundef -Wall -pedantic -W -Wpointer-arith -Wmissing-prototypes -Wwrite-strings -ansi -D_XOPEN_SOURCE=500 -D_BSD_SOURCE -Wcast-align -Wconversion -O2  -O1 -Wall  -fno-exceptions -fno-check-new   conftest.cc  1>&5
configure:4157: $? = 0
configure:4160: test -s conftest
configure:4163: $? = 0
configure:4182: result: yes
configure:4194: checking whether g++ supports -fexceptions
configure:4233: rm -rf SunWS_cache; g++ -o conftest -Wnon-virtual-dtor -Wno-long-long -Wbad-function-cast -Wundef -Wall -pedantic -W -Wpointer-arith -Wmissing-prototypes -Wwrite-strings -ansi -D_XOPEN_SOURCE=500 -D_BSD_SOURCE -Wcast-align -Wconversion -O2  -O1 -Wall  -fno-exceptions -fno-check-new -fexceptions   conftest.cc  1>&5
configure:4236: $? = 0
configure:4239: test -s conftest
configure:4242: $? = 0
configure:4261: result: yes
configure:4868: checking how to run the C++ preprocessor
configure:4890: g++ -E  conftest.cc
configure:4896: $? = 0
configure:4923: g++ -E  conftest.cc
configure:4919:28: ac_nonexistent.h: No such file or directory
configure:4929: $? = 1
configure: failed program was:
#line 4918 "configure"
#include "confdefs.h"
#include <ac_nonexistent.h>
configure:4966: result: g++ -E
configure:4981: g++ -E  conftest.cc
configure:4987: $? = 0
configure:5014: g++ -E  conftest.cc
configure:5010:28: ac_nonexistent.h: No such file or directory
configure:5020: $? = 1
configure: failed program was:
#line 5009 "configure"
#include "confdefs.h"
#include <ac_nonexistent.h>
configure:5082: checking whether g++ supports -frepo
configure:5121: rm -rf SunWS_cache; g++ -o conftest -Wnon-virtual-dtor -Wno-long-long -Wbad-function-cast -Wundef -Wall -pedantic -W -Wpointer-arith -Wmissing-prototypes -Wwrite-strings -ansi -D_XOPEN_SOURCE=500 -D_BSD_SOURCE -Wcast-align -Wconversion -O2 -O1 -Wall -fno-exceptions -fno-check-new -frepo   conftest.cc  1>&5
conftest.cc:1: warning: -frepo must be used with -c
configure:5124: $? = 0
configure:5127: test -s conftest
configure:5130: $? = 0
configure:5149: result: yes
configure:5380: checking for ld used by GCC
configure:5444: result: /usr/bin/ld
configure:5453: checking if the linker (/usr/bin/ld) is GNU ld
GNU ld version 2.13.90.0.2 20020802
configure:5465: result: yes
configure:5470: checking for /usr/bin/ld option to reload object files
configure:5477: result: -r
configure:5486: checking for BSD-compatible nm
configure:5521: result: nm
configure:5525: checking for a sed that does not truncate output
configure:5601: result: 
configure:5604: checking whether ln -s works
configure:5608: result: yes
configure:5615: checking how to recognise dependant libraries
configure:5802: result: pass_all
configure:5872: gcc -c -ansi -W -Wall -pedantic -Wshadow -Wpointer-arith -Wmissing-prototypes -Wwrite-strings -D_XOPEN_SOURCE=500 -D_BSD_SOURCE -O2    conftest.c >&5
configure:5875: $? = 0
configure:5962: checking for ANSI C header files
configure:5976: cpp  conftest.c
configure:5982: $? = 0
configure:6067: gcc -o conftest -ansi -W -Wall -pedantic -Wshadow -Wpointer-arith -Wmissing-prototypes -Wwrite-strings -D_XOPEN_SOURCE=500 -D_BSD_SOURCE -O2     conftest.c  >&5
configure: In function `main':
configure:6060: warning: implicit declaration of function `exit'
configure:6070: $? = 0
configure:6072: ./conftest
configure:6075: $? = 0
configure:6089: result: yes
configure:6113: checking for sys/types.h
configure:6126: gcc -c -ansi -W -Wall -pedantic -Wshadow -Wpointer-arith -Wmissing-prototypes -Wwrite-strings -D_XOPEN_SOURCE=500 -D_BSD_SOURCE -O2    conftest.c >&5
configure:6129: $? = 0
configure:6132: test -s conftest.o
configure:6135: $? = 0
configure:6145: result: yes
configure:6113: checking for sys/stat.h
configure:6126: gcc -c -ansi -W -Wall -pedantic -Wshadow -Wpointer-arith -Wmissing-prototypes -Wwrite-strings -D_XOPEN_SOURCE=500 -D_BSD_SOURCE -O2    conftest.c >&5
configure:6129: $? = 0
configure:6132: test -s conftest.o
configure:6135: $? = 0
configure:6145: result: yes
configure:6113: checking for stdlib.h
configure:6126: gcc -c -ansi -W -Wall -pedantic -Wshadow -Wpointer-arith -Wmissing-prototypes -Wwrite-strings -D_XOPEN_SOURCE=500 -D_BSD_SOURCE -O2    conftest.c >&5
configure:6129: $? = 0
configure:6132: test -s conftest.o
configure:6135: $? = 0
configure:6145: result: yes
configure:6113: checking for string.h
configure:6126: gcc -c -ansi -W -Wall -pedantic -Wshadow -Wpointer-arith -Wmissing-prototypes -Wwrite-strings -D_XOPEN_SOURCE=500 -D_BSD_SOURCE -O2    conftest.c >&5
configure:6129: $? = 0
configure:6132: test -s conftest.o
configure:6135: $? = 0
configure:6145: result: yes
configure:6113: checking for memory.h
configure:6126: gcc -c -ansi -W -Wall -pedantic -Wshadow -Wpointer-arith -Wmissing-prototypes -Wwrite-strings -D_XOPEN_SOURCE=500 -D_BSD_SOURCE -O2    conftest.c >&5
configure:6129: $? = 0
configure:6132: test -s conftest.o
configure:6135: $? = 0
configure:6145: result: yes
configure:6113: checking for strings.h
configure:6126: gcc -c -ansi -W -Wall -pedantic -Wshadow -Wpointer-arith -Wmissing-prototypes -Wwrite-strings -D_XOPEN_SOURCE=500 -D_BSD_SOURCE -O2    conftest.c >&5
configure:6129: $? = 0
configure:6132: test -s conftest.o
configure:6135: $? = 0
configure:6145: result: yes
configure:6113: checking for inttypes.h
configure:6126: gcc -c -ansi -W -Wall -pedantic -Wshadow -Wpointer-arith -Wmissing-prototypes -Wwrite-strings -D_XOPEN_SOURCE=500 -D_BSD_SOURCE -O2    conftest.c >&5
configure:6129: $? = 0
configure:6132: test -s conftest.o
configure:6135: $? = 0
configure:6145: result: yes
configure:6113: checking for stdint.h
configure:6126: gcc -c -ansi -W -Wall -pedantic -Wshadow -Wpointer-arith -Wmissing-prototypes -Wwrite-strings -D_XOPEN_SOURCE=500 -D_BSD_SOURCE -O2    conftest.c >&5
configure:6129: $? = 0
configure:6132: test -s conftest.o
configure:6135: $? = 0
configure:6145: result: yes
configure:6113: checking for unistd.h
configure:6126: gcc -c -ansi -W -Wall -pedantic -Wshadow -Wpointer-arith -Wmissing-prototypes -Wwrite-strings -D_XOPEN_SOURCE=500 -D_BSD_SOURCE -O2    conftest.c >&5
configure:6129: $? = 0
configure:6132: test -s conftest.o
configure:6135: $? = 0
configure:6145: result: yes
configure:6171: checking dlfcn.h usability
configure:6180: gcc -c -ansi -W -Wall -pedantic -Wshadow -Wpointer-arith -Wmissing-prototypes -Wwrite-strings -D_XOPEN_SOURCE=500 -D_BSD_SOURCE -O2    conftest.c >&5
configure:6183: $? = 0
configure:6186: test -s conftest.o
configure:6189: $? = 0
configure:6198: result: yes
configure:6202: checking dlfcn.h presence
configure:6209: cpp  conftest.c
configure:6215: $? = 0
configure:6233: result: yes
configure:6251: checking for dlfcn.h
configure:6258: result: yes
configure:6275: checking the maximum length of command line arguments
configure:6323: result: 32768
configure:6334: checking command to parse nm output from gcc object
configure:6419: gcc -c -ansi -W -Wall -pedantic -Wshadow -Wpointer-arith -Wmissing-prototypes -Wwrite-strings -D_XOPEN_SOURCE=500 -D_BSD_SOURCE -O2    conftest.c >&5
conftest.c:5: warning: no previous prototype for `nm_test_func'
configure:6422: $? = 0
configure:6426: nm conftest.o \| sed -n -e 's/^.*[ 	]\([ABCDGISTW][ABCDGISTW]*\)[ 	][ 	]*\(\)\([_A-Za-z][_A-Za-z0-9]*\)$/\1 \2\3 \3/p' \> conftest.nm
configure:6429: $? = 0
configure:6481: gcc -o conftest -ansi -W -Wall -pedantic -Wshadow -Wpointer-arith -Wmissing-prototypes -Wwrite-strings -D_XOPEN_SOURCE=500 -D_BSD_SOURCE -O2     conftest.c conftstm.o >&5
configure:6484: $? = 0
configure:6522: result: ok
configure:6526: checking for objdir
configure:6541: result: .libs
configure:6593: checking for i386-linux-ranlib
configure:6622: result: no
configure:6631: checking for ranlib
configure:6647: found /usr/bin/ranlib
configure:6658: result: ranlib
configure:6673: checking for i386-linux-strip
configure:6702: result: no
configure:6711: checking for strip
configure:6727: found /usr/bin/strip
configure:6738: result: strip
configure:7001: checking if gcc static flag  works
conftest.c:1: warning: return type defaults to `int'
configure:7024: result: no
configure:7041: checking if gcc supports -fno-rtti -fno-exceptions
cc1: warning: ignoring command line option '-fno-rtti'
cc1: warning: (it is valid for C++ but not the selected language)
cc1: warning: ignoring command line option '-fno-rtti'
cc1: warning: (it is valid for C++ but not the selected language)
configure:7065: result: no
configure:7080: checking for gcc option to produce PIC
configure:7233: result: -fPIC
configure:7240: checking if gcc PIC flag -fPIC works
configure:7264: result: yes
configure:7288: checking if gcc supports -c -o file.o
configure:7329: result: yes
configure:7355: checking whether the gcc linker (/usr/bin/ld) supports shared libraries
configure:8140: result: yes
configure:8162: checking whether -lc should be explicitly linked in
configure:8167: gcc -c -ansi -W -Wall -pedantic -Wshadow -Wpointer-arith -Wmissing-prototypes -Wwrite-strings -D_XOPEN_SOURCE=500 -D_BSD_SOURCE -O2    conftest.c >&5
conftest.c:1: warning: `dummy' defined but not used
configure:8170: $? = 0
configure:8184: gcc -shared conftest.o  -v -Wl,-soname -Wl,conftest -o conftest 2\>\&1 \| grep  -lc  \>/dev/null 2\>\&1
configure:8187: $? = 0
configure:8199: result: no
configure:8205: checking how to hardcode library paths into programs
configure:8229: result: immediate
configure:8243: checking whether stripping libraries is possible
configure:8248: result: yes
configure:8255: checking dynamic linker characteristics
configure:8706: result: GNU/Linux ld.so
configure:9347: checking if libtool supports shared libraries
configure:9349: result: yes
configure:9352: checking whether to build shared libraries
configure:9373: result: yes
configure:9376: checking whether to build static libraries
configure:9380: result: no
configure:9459: creating libtool
configure:10184: checking whether the g++ linker (/usr/bin/ld) supports shared libraries
configure:10841: result: yes
configure:10858: g++ -c -Wnon-virtual-dtor -Wno-long-long -Wbad-function-cast -Wundef -Wall -pedantic -W -Wpointer-arith -Wmissing-prototypes -Wwrite-strings -ansi -D_XOPEN_SOURCE=500 -D_BSD_SOURCE -Wcast-align -Wconversion -O2 -O1 -Wall -fno-exceptions -fno-check-new -fexceptions  conftest.cc >&5
configure:10861: $? = 0
configure:10961: checking for g++ option to produce PIC
configure:11197: result: -fPIC
configure:11204: checking if g++ PIC flag -fPIC works
configure:11228: result: yes
configure:11252: checking if g++ supports -c -o file.o
configure:11293: result: yes
configure:11319: checking whether the g++ linker (/usr/bin/ld) supports shared libraries
configure:11341: result: yes
configure:11363: checking whether -lc should be explicitly linked in
configure:11368: g++ -c -Wnon-virtual-dtor -Wno-long-long -Wbad-function-cast -Wundef -Wall -pedantic -W -Wpointer-arith -Wmissing-prototypes -Wwrite-strings -ansi -D_XOPEN_SOURCE=500 -D_BSD_SOURCE -Wcast-align -Wconversion -O2 -O1 -Wall -fno-exceptions -fno-check-new -fexceptions  conftest.cc >&5
conftest.cc:1: warning: `int dummy' defined but not used
configure:11371: $? = 0
configure:11385: g++ -shared -nostdlib  conftest.o   -v -Wl,-soname -Wl,conftest -o conftest 2\>\&1 \| grep  -lc  \>/dev/null 2\>\&1
configure:11388: $? = 1
configure:11400: result: yes
configure:11406: checking how to hardcode library paths into programs
configure:11430: result: immediate
configure:11444: checking whether stripping libraries is possible
configure:11449: result: yes
configure:11456: checking dynamic linker characteristics
configure:11907: result: GNU/Linux ld.so
configure:12964: checking if gcj supports -fno-rtti -fno-exceptions
configure:12988: result: no
configure:13003: checking for gcj option to produce PIC
configure:13156: result: -fPIC
configure:13163: checking if gcj PIC flag -fPIC works
configure:13187: result: no
configure:13211: checking if gcj supports -c -o file.o
configure:13252: result: no
configure:13278: checking whether the gcj linker (/usr/bin/ld) supports shared libraries
configure:14063: result: yes
configure:14085: checking whether -lc should be explicitly linked in
configure:14090: gcj -c -ansi -W -Wall -pedantic -Wshadow -Wpointer-arith -Wmissing-prototypes -Wwrite-strings -D_XOPEN_SOURCE=500 -D_BSD_SOURCE -O2    conftest.java >&5
gcj: can't specify `-D' without `--main'

configure:14093: $? = 1
configure:14122: result: yes
configure:14128: checking how to hardcode library paths into programs
configure:14152: result: immediate
configure:14166: checking whether stripping libraries is possible
configure:14171: result: yes
configure:14178: checking dynamic linker characteristics
configure:14629: result: GNU/Linux ld.so
configure:16166: checking for msgfmt
configure:16193: result: /usr/bin/msgfmt
configure:16202: checking for gmsgfmt
configure:16233: result: /usr/bin/msgfmt
configure:16252: checking for xgettext
configure:16279: result: /usr/bin/xgettext
configure:16369: checking for main in -lutil
configure:16396: gcc -o conftest -ansi -W -Wall -pedantic -Wshadow -Wpointer-arith -Wmissing-prototypes -Wwrite-strings -D_XOPEN_SOURCE=500 -D_BSD_SOURCE -O2     conftest.c -lutil   >&5
configure:16399: $? = 0
configure:16402: test -s conftest
configure:16405: $? = 0
configure:16416: result: yes
configure:16422: checking for main in -lcompat
configure:16449: gcc -o conftest -ansi -W -Wall -pedantic -Wshadow -Wpointer-arith -Wmissing-prototypes -Wwrite-strings -D_XOPEN_SOURCE=500 -D_BSD_SOURCE -O2     conftest.c -lcompat   >&5
/usr/bin/ld: cannot find -lcompat
collect2: ld returned 1 exit status
configure:16452: $? = 1
configure: failed program was:
#line 16429 "configure"
#include "confdefs.h"


#ifdef F77_DUMMY_MAIN
#  ifdef __cplusplus
     extern "C"
#  endif
   int F77_DUMMY_MAIN() { return 1; }
#endif
int
main ()
{
main ();
  ;
  return 0;
}
configure:16469: result: no
configure:16476: checking for crypt in -lcrypt
configure:16509: gcc -o conftest -ansi -W -Wall -pedantic -Wshadow -Wpointer-arith -Wmissing-prototypes -Wwrite-strings -D_XOPEN_SOURCE=500 -D_BSD_SOURCE -O2     conftest.c -lcrypt   >&5
configure:16512: $? = 0
configure:16515: test -s conftest
configure:16518: $? = 0
configure:16529: result: yes
configure:16614: checking for socklen_t
configure:16656: g++ -c -Wnon-virtual-dtor -Wno-long-long -Wbad-function-cast -Wundef -Wall -pedantic -W -Wpointer-arith -Wmissing-prototypes -Wwrite-strings -ansi -D_XOPEN_SOURCE=500 -D_BSD_SOURCE -Wcast-align -Wconversion -O2 -O1 -Wall -fno-exceptions -fno-check-new -fexceptions  conftest.cc >&5
configure:16659: $? = 0
configure:16662: test -s conftest.o
configure:16665: $? = 0
configure:16728: result: socklen_t
configure:16750: checking for dnet_ntoa in -ldnet
configure:16783: gcc -o conftest -ansi -W -Wall -pedantic -Wshadow -Wpointer-arith -Wmissing-prototypes -Wwrite-strings -D_XOPEN_SOURCE=500 -D_BSD_SOURCE -O2     conftest.c -ldnet   >&5
/usr/bin/ld: cannot find -ldnet
collect2: ld returned 1 exit status
configure:16786: $? = 1
configure: failed program was:
#line 16757 "configure"
#include "confdefs.h"

/* Override any gcc2 internal prototype to avoid an error.  */
#ifdef __cplusplus
extern "C"
#endif
/* We use char because int might match the return type of a gcc2
   builtin and then its argument prototype would still apply.  */
char dnet_ntoa ();
#ifdef F77_DUMMY_MAIN
#  ifdef __cplusplus
     extern "C"
#  endif
   int F77_DUMMY_MAIN() { return 1; }
#endif
int
main ()
{
dnet_ntoa ();
  ;
  return 0;
}
configure:16803: result: no
configure:16810: checking for dnet_ntoa in -ldnet_stub
configure:16843: gcc -o conftest -ansi -W -Wall -pedantic -Wshadow -Wpointer-arith -Wmissing-prototypes -Wwrite-strings -D_XOPEN_SOURCE=500 -D_BSD_SOURCE -O2     conftest.c -ldnet_stub   >&5
/usr/bin/ld: cannot find -ldnet_stub
collect2: ld returned 1 exit status
configure:16846: $? = 1
configure: failed program was:
#line 16817 "configure"
#include "confdefs.h"

/* Override any gcc2 internal prototype to avoid an error.  */
#ifdef __cplusplus
extern "C"
#endif
/* We use char because int might match the return type of a gcc2
   builtin and then its argument prototype would still apply.  */
char dnet_ntoa ();
#ifdef F77_DUMMY_MAIN
#  ifdef __cplusplus
     extern "C"
#  endif
   int F77_DUMMY_MAIN() { return 1; }
#endif
int
main ()
{
dnet_ntoa ();
  ;
  return 0;
}
configure:16863: result: no
configure:16870: checking for inet_ntoa
configure:16913: gcc -o conftest -ansi -W -Wall -pedantic -Wshadow -Wpointer-arith -Wmissing-prototypes -Wwrite-strings -D_XOPEN_SOURCE=500 -D_BSD_SOURCE -O2     conftest.c  >&5
configure:16916: $? = 0
configure:16919: test -s conftest
configure:16922: $? = 0
configure:16932: result: yes
configure:16996: checking for connect
configure:17039: gcc -o conftest -ansi -W -Wall -pedantic -Wshadow -Wpointer-arith -Wmissing-prototypes -Wwrite-strings -D_XOPEN_SOURCE=500 -D_BSD_SOURCE -O2     conftest.c  >&5
configure:17042: $? = 0
configure:17045: test -s conftest
configure:17048: $? = 0
configure:17058: result: yes
configure:17123: checking for remove
configure:17166: gcc -o conftest -ansi -W -Wall -pedantic -Wshadow -Wpointer-arith -Wmissing-prototypes -Wwrite-strings -D_XOPEN_SOURCE=500 -D_BSD_SOURCE -O2     conftest.c  >&5
configure:17169: $? = 0
configure:17172: test -s conftest
configure:17175: $? = 0
configure:17185: result: yes
configure:17251: checking for shmat
configure:17294: gcc -o conftest -ansi -W -Wall -pedantic -Wshadow -Wpointer-arith -Wmissing-prototypes -Wwrite-strings -D_XOPEN_SOURCE=500 -D_BSD_SOURCE -O2     conftest.c  >&5
configure:17297: $? = 0
configure:17300: test -s conftest
configure:17303: $? = 0
configure:17313: result: yes
configure:17395: checking crt_externs.h usability
configure:17404: gcc -c -ansi -W -Wall -pedantic -Wshadow -Wpointer-arith -Wmissing-prototypes -Wwrite-strings -D_XOPEN_SOURCE=500 -D_BSD_SOURCE -O2    conftest.c >&5
configure:17432:25: crt_externs.h: No such file or directory
configure:17407: $? = 1
configure: failed program was:
#line 17397 "configure"
#include "confdefs.h"
#include <stdio.h>
#if HAVE_SYS_TYPES_H
# include <sys/types.h>
#endif
#if HAVE_SYS_STAT_H
# include <sys/stat.h>
#endif
#if STDC_HEADERS
# include <stdlib.h>
# include <stddef.h>
#else
# if HAVE_STDLIB_H
#  include <stdlib.h>
# endif
#endif
#if HAVE_STRING_H
# if !STDC_HEADERS && HAVE_MEMORY_H
#  include <memory.h>
# endif
# include <string.h>
#endif
#if HAVE_STRINGS_H
# include <strings.h>
#endif
#if HAVE_INTTYPES_H
# include <inttypes.h>
#else
# if HAVE_STDINT_H
#  include <stdint.h>
# endif
#endif
#if HAVE_UNISTD_H
# include <unistd.h>
#endif
#include <crt_externs.h>
configure:17422: result: no
configure:17426: checking crt_externs.h presence
configure:17433: cpp  conftest.c
configure:17429:25: crt_externs.h: No such file or directory
configure:17439: $? = 1
configure: failed program was:
#line 17428 "configure"
#include "confdefs.h"
#include <crt_externs.h>
configure:17457: result: no
configure:17475: checking for crt_externs.h
configure:17482: result: no
configure:17495: checking for _NSGetEnviron
configure:17538: gcc -o conftest -ansi -W -Wall -pedantic -Wshadow -Wpointer-arith -Wmissing-prototypes -Wwrite-strings -D_XOPEN_SOURCE=500 -D_BSD_SOURCE -O2     conftest.c  >&5
/tmp/ccYyMCCK.o: In function `main':
/tmp/ccYyMCCK.o(.text+0xf): undefined reference to `_NSGetEnviron'
collect2: ld returned 1 exit status
configure:17541: $? = 1
configure: failed program was:
#line 17500 "configure"
#include "confdefs.h"
/* System header to define __stub macros and hopefully few prototypes,
    which can conflict with char _NSGetEnviron (); below.  */
#include <assert.h>
/* Override any gcc2 internal prototype to avoid an error.  */
#ifdef __cplusplus
extern "C"
#endif
/* We use char because int might match the return type of a gcc2
   builtin and then its argument prototype would still apply.  */
char _NSGetEnviron ();
char (*f) ();

#ifdef F77_DUMMY_MAIN
#  ifdef __cplusplus
     extern "C"
#  endif
   int F77_DUMMY_MAIN() { return 1; }
#endif
int
main ()
{
/* The GNU C library defines this for functions which it implements
    to always fail with ENOSYS.  Some functions are actually named
    something starting with __ and the normal name is an alias.  */
#if defined (__stub__NSGetEnviron) || defined (__stub____NSGetEnviron)
choke me
#else
f = _NSGetEnviron;
#endif

  ;
  return 0;
}
configure:17557: result: no
configure:17575: checking for sys/types.h
configure:17580: result: yes
configure:17575: checking for stdint.h
configure:17580: result: yes
configure:17686: checking for poll in -lpoll
configure:17719: gcc -o conftest -ansi -W -Wall -pedantic -Wshadow -Wpointer-arith -Wmissing-prototypes -Wwrite-strings -D_XOPEN_SOURCE=500 -D_BSD_SOURCE -O2     conftest.c -lpoll   >&5
/usr/bin/ld: cannot find -lpoll
collect2: ld returned 1 exit status
configure:17722: $? = 1
configure: failed program was:
#line 17693 "configure"
#include "confdefs.h"

/* Override any gcc2 internal prototype to avoid an error.  */
#ifdef __cplusplus
extern "C"
#endif
/* We use char because int might match the return type of a gcc2
   builtin and then its argument prototype would still apply.  */
char poll ();
#ifdef F77_DUMMY_MAIN
#  ifdef __cplusplus
     extern "C"
#  endif
   int F77_DUMMY_MAIN() { return 1; }
#endif
int
main ()
{
poll ();
  ;
  return 0;
}
configure:17739: result: no
configure:17757: checking CoreAudio/CoreAudio.h usability
configure:17766: gcc -c -ansi -W -Wall -pedantic -Wshadow -Wpointer-arith -Wmissing-prototypes -Wwrite-strings -D_XOPEN_SOURCE=500 -D_BSD_SOURCE -O2    conftest.c >&5
configure:17794:33: CoreAudio/CoreAudio.h: No such file or directory
configure:17769: $? = 1
configure: failed program was:
#line 17759 "configure"
#include "confdefs.h"
#include <stdio.h>
#if HAVE_SYS_TYPES_H
# include <sys/types.h>
#endif
#if HAVE_SYS_STAT_H
# include <sys/stat.h>
#endif
#if STDC_HEADERS
# include <stdlib.h>
# include <stddef.h>
#else
# if HAVE_STDLIB_H
#  include <stdlib.h>
# endif
#endif
#if HAVE_STRING_H
# if !STDC_HEADERS && HAVE_MEMORY_H
#  include <memory.h>
# endif
# include <string.h>
#endif
#if HAVE_STRINGS_H
# include <strings.h>
#endif
#if HAVE_INTTYPES_H
# include <inttypes.h>
#else
# if HAVE_STDINT_H
#  include <stdint.h>
# endif
#endif
#if HAVE_UNISTD_H
# include <unistd.h>
#endif
#include <CoreAudio/CoreAudio.h>
configure:17784: result: no
configure:17788: checking CoreAudio/CoreAudio.h presence
configure:17795: cpp  conftest.c
configure:17791:33: CoreAudio/CoreAudio.h: No such file or directory
configure:17801: $? = 1
configure: failed program was:
#line 17790 "configure"
#include "confdefs.h"
#include <CoreAudio/CoreAudio.h>
configure:17819: result: no
configure:17837: checking for CoreAudio/CoreAudio.h
configure:17844: result: no
configure:17866: checking for res_init
configure:17909: gcc -o conftest -ansi -W -Wall -pedantic -Wshadow -Wpointer-arith -Wmissing-prototypes -Wwrite-strings -D_XOPEN_SOURCE=500 -D_BSD_SOURCE -O2     conftest.c  >&5
/tmp/ccsG8q6Y.o: In function `main':
/tmp/ccsG8q6Y.o(.text+0xf): undefined reference to `res_init'
collect2: ld returned 1 exit status
configure:17912: $? = 1
configure: failed program was:
#line 17871 "configure"
#include "confdefs.h"
/* System header to define __stub macros and hopefully few prototypes,
    which can conflict with char res_init (); below.  */
#include <assert.h>
/* Override any gcc2 internal prototype to avoid an error.  */
#ifdef __cplusplus
extern "C"
#endif
/* We use char because int might match the return type of a gcc2
   builtin and then its argument prototype would still apply.  */
char res_init ();
char (*f) ();

#ifdef F77_DUMMY_MAIN
#  ifdef __cplusplus
     extern "C"
#  endif
   int F77_DUMMY_MAIN() { return 1; }
#endif
int
main ()
{
/* The GNU C library defines this for functions which it implements
    to always fail with ENOSYS.  Some functions are actually named
    something starting with __ and the normal name is an alias.  */
#if defined (__stub_res_init) || defined (__stub___res_init)
choke me
#else
f = res_init;
#endif

  ;
  return 0;
}
configure:17928: result: no
configure:17962: gcc -o conftest -ansi -W -Wall -pedantic -Wshadow -Wpointer-arith -Wmissing-prototypes -Wwrite-strings -D_XOPEN_SOURCE=500 -D_BSD_SOURCE -O2     conftest.c   -lresolv >&5
configure:17965: $? = 0
configure:17968: test -s conftest
configure:17971: $? = 0
configure:17998: checking for killpg in -lucb
configure:18031: gcc -o conftest -ansi -W -Wall -pedantic -Wshadow -Wpointer-arith -Wmissing-prototypes -Wwrite-strings -D_XOPEN_SOURCE=500 -D_BSD_SOURCE -O2     conftest.c -lucb   >&5
/usr/bin/ld: cannot find -lucb
collect2: ld returned 1 exit status
configure:18034: $? = 1
configure: failed program was:
#line 18005 "configure"
#include "confdefs.h"

/* Override any gcc2 internal prototype to avoid an error.  */
#ifdef __cplusplus
extern "C"
#endif
/* We use char because int might match the return type of a gcc2
   builtin and then its argument prototype would still apply.  */
char killpg ();
#ifdef F77_DUMMY_MAIN
#  ifdef __cplusplus
     extern "C"
#  endif
   int F77_DUMMY_MAIN() { return 1; }
#endif
int
main ()
{
killpg ();
  ;
  return 0;
}
configure:18051: result: no
configure:18125: checking for int
configure:18152: gcc -c -ansi -W -Wall -pedantic -Wshadow -Wpointer-arith -Wmissing-prototypes -Wwrite-strings -D_XOPEN_SOURCE=500 -D_BSD_SOURCE -O2    conftest.c >&5
configure:18155: $? = 0
configure:18158: test -s conftest.o
configure:18161: $? = 0
configure:18171: result: yes
configure:18174: checking size of int
configure:18452: gcc -o conftest -ansi -W -Wall -pedantic -Wshadow -Wpointer-arith -Wmissing-prototypes -Wwrite-strings -D_XOPEN_SOURCE=500 -D_BSD_SOURCE -O2     conftest.c  >&5
configure:18445: warning: no previous prototype for `longval'
configure:18446: warning: no previous prototype for `ulongval'
configure:18455: $? = 0
configure:18457: ./conftest
configure:18460: $? = 0
configure:18480: result: 4
configure:18486: checking for long
configure:18513: gcc -c -ansi -W -Wall -pedantic -Wshadow -Wpointer-arith -Wmissing-prototypes -Wwrite-strings -D_XOPEN_SOURCE=500 -D_BSD_SOURCE -O2    conftest.c >&5
configure:18516: $? = 0
configure:18519: test -s conftest.o
configure:18522: $? = 0
configure:18532: result: yes
configure:18535: checking size of long
configure:18813: gcc -o conftest -ansi -W -Wall -pedantic -Wshadow -Wpointer-arith -Wmissing-prototypes -Wwrite-strings -D_XOPEN_SOURCE=500 -D_BSD_SOURCE -O2     conftest.c  >&5
configure:18806: warning: no previous prototype for `longval'
configure:18807: warning: no previous prototype for `ulongval'
configure:18816: $? = 0
configure:18818: ./conftest
configure:18821: $? = 0
configure:18841: result: 4
configure:18847: checking for char *
configure:18874: gcc -c -ansi -W -Wall -pedantic -Wshadow -Wpointer-arith -Wmissing-prototypes -Wwrite-strings -D_XOPEN_SOURCE=500 -D_BSD_SOURCE -O2    conftest.c >&5
configure:18877: $? = 0
configure:18880: test -s conftest.o
configure:18883: $? = 0
configure:18893: result: yes
configure:18896: checking size of char *
configure:19174: gcc -o conftest -ansi -W -Wall -pedantic -Wshadow -Wpointer-arith -Wmissing-prototypes -Wwrite-strings -D_XOPEN_SOURCE=500 -D_BSD_SOURCE -O2     conftest.c  >&5
configure:19167: warning: no previous prototype for `longval'
configure:19168: warning: no previous prototype for `ulongval'
configure:19177: $? = 0
configure:19179: ./conftest
configure:19182: $? = 0
configure:19202: result: 4
configure:19208: checking for char
configure:19235: gcc -c -ansi -W -Wall -pedantic -Wshadow -Wpointer-arith -Wmissing-prototypes -Wwrite-strings -D_XOPEN_SOURCE=500 -D_BSD_SOURCE -O2    conftest.c >&5
configure:19238: $? = 0
configure:19241: test -s conftest.o
configure:19244: $? = 0
configure:19254: result: yes
configure:19257: checking size of char
configure:19535: gcc -o conftest -ansi -W -Wall -pedantic -Wshadow -Wpointer-arith -Wmissing-prototypes -Wwrite-strings -D_XOPEN_SOURCE=500 -D_BSD_SOURCE -O2     conftest.c  >&5
configure:19528: warning: no previous prototype for `longval'
configure:19529: warning: no previous prototype for `ulongval'
configure:19538: $? = 0
configure:19540: ./conftest
configure:19543: $? = 0
configure:19563: result: 1
configure:19571: checking for dlopen in -ldl
configure:19604: gcc -o conftest -ansi -W -Wall -pedantic -Wshadow -Wpointer-arith -Wmissing-prototypes -Wwrite-strings -D_XOPEN_SOURCE=500 -D_BSD_SOURCE -O2     conftest.c -ldl   >&5
configure:19607: $? = 0
configure:19610: test -s conftest
configure:19613: $? = 0
configure:19624: result: yes
configure:19634: checking for shl_unload in -ldld
configure:19667: gcc -o conftest -ansi -W -Wall -pedantic -Wshadow -Wpointer-arith -Wmissing-prototypes -Wwrite-strings -D_XOPEN_SOURCE=500 -D_BSD_SOURCE -O2     conftest.c -ldld   >&5
/usr/bin/ld: cannot find -ldld
collect2: ld returned 1 exit status
configure:19670: $? = 1
configure: failed program was:
#line 19641 "configure"
#include "confdefs.h"

/* Override any gcc2 internal prototype to avoid an error.  */
#ifdef __cplusplus
extern "C"
#endif
/* We use char because int might match the return type of a gcc2
   builtin and then its argument prototype would still apply.  */
char shl_unload ();
#ifdef F77_DUMMY_MAIN
#  ifdef __cplusplus
     extern "C"
#  endif
   int F77_DUMMY_MAIN() { return 1; }
#endif
int
main ()
{
shl_unload ();
  ;
  return 0;
}
configure:19687: result: no
configure:19722: checking for X
configure:19761: cpp  conftest.c
configure:19767: $? = 0
configure:19859: gcc -o conftest -ansi -W -Wall -pedantic -Wshadow -Wpointer-arith -Wmissing-prototypes -Wwrite-strings -D_XOPEN_SOURCE=500 -D_BSD_SOURCE -O2     conftest.c -lXt  >&5
configure: In function `main':
configure:19851: warning: implicit declaration of function `XtMalloc'
/usr/bin/ld: cannot find -lXt
collect2: ld returned 1 exit status
configure:19862: $? = 1
configure: failed program was:
#line 19840 "configure"
#include "confdefs.h"

#ifdef F77_DUMMY_MAIN
#  ifdef __cplusplus
     extern "C"
#  endif
   int F77_DUMMY_MAIN() { return 1; }
#endif
int
main ()
{
XtMalloc()
  ;
  return 0;
}
configure:20012: result: libraries /usr/X11R6/lib, headers /usr/X11R6/include
configure:20046: checking for IceConnectionNumber in -lICE
configure:20079: gcc -o conftest -ansi -W -Wall -pedantic -Wshadow -Wpointer-arith -Wmissing-prototypes -Wwrite-strings -D_XOPEN_SOURCE=500 -D_BSD_SOURCE -O2     -L/usr/X11R6/lib conftest.c -lICE  -lresolv  >&5
configure:20082: $? = 0
configure:20085: test -s conftest
configure:20088: $? = 0
configure:20099: result: yes
configure:20113: checking for libXext
configure:20151: gcc -o conftest -ansi -W -Wall -pedantic -Wshadow -Wpointer-arith -Wmissing-prototypes -Wwrite-strings -D_XOPEN_SOURCE=500 -D_BSD_SOURCE -O2     -L/usr/X11R6/lib  conftest.c -lXext -lX11  -lresolv >&5
configure:20154: $? = 0
configure:20157: test -s conftest
configure:20160: $? = 0
configure:20177: result: yes
configure:20190: checking for Xinerama
configure:20265: result: no
configure:20321: checking for pthread_create in -lpthread
configure:20354: gcc -o conftest -ansi -W -Wall -pedantic -Wshadow -Wpointer-arith -Wmissing-prototypes -Wwrite-strings -D_XOPEN_SOURCE=500 -D_BSD_SOURCE -O2     conftest.c -lpthread   >&5
configure:20357: $? = 0
configure:20360: test -s conftest
configure:20363: $? = 0
configure:20374: result: yes
configure:20767: checking for extra includes
configure:20795: result: no
configure:20799: checking for extra libs
configure:20828: result: no
configure:20834: checking for libz
configure:20871: gcc -o conftest -ansi -W -Wall -pedantic -Wshadow -Wpointer-arith -Wmissing-prototypes -Wwrite-strings -D_XOPEN_SOURCE=500 -D_BSD_SOURCE -O2   -I/usr/X11R6/include   -D_REENTRANT  conftest.c -L/usr/X11R6/lib  -lz  -lresolv >&5
configure:20874: $? = 0
configure:20877: test -s conftest
configure:20880: $? = 0
configure:20901: result: -lz
configure:20914: checking for libpng
configure:20959: gcc -o conftest -ansi -W -Wall -pedantic -Wshadow -Wpointer-arith -Wmissing-prototypes -Wwrite-strings -D_XOPEN_SOURCE=500 -D_BSD_SOURCE -O2   -I/usr/X11R6/include   -D_REENTRANT  conftest.c  -L/usr/X11R6/lib  -lpng -lz -lm -lX11  -lresolv >&5
configure:20962: $? = 0
configure:20965: test -s conftest
configure:20968: $? = 0
configure:20990: result: -lpng -lz -lm
configure:21001: checking for libjpeg6b
configure:21050: gcc -o conftest -ansi -W -Wall -pedantic -Wshadow -Wpointer-arith -Wmissing-prototypes -Wwrite-strings -D_XOPEN_SOURCE=500 -D_BSD_SOURCE -O2   -I/usr/X11R6/include   -D_REENTRANT  conftest.c -L/usr/X11R6/lib  -ljpeg6b -lm >&5
/usr/bin/ld: cannot find -ljpeg6b
collect2: ld returned 1 exit status
configure:21053: $? = 1
configure: failed program was:
#line 21017 "configure"
#include "confdefs.h"
/* Override any gcc2 internal prototype to avoid an error.  */
struct jpeg_decompress_struct;
typedef struct jpeg_decompress_struct * j_decompress_ptr;
typedef int size_t;
#ifdef __cplusplus
extern "C" {
#endif
    void jpeg_CreateDecompress(j_decompress_ptr cinfo,
                                    int version, size_t structsize);
#ifdef __cplusplus
}
#endif
/* We use char because int might match the return type of a gcc2
    builtin and then its argument prototype would still apply.  */

#ifdef F77_DUMMY_MAIN
#  ifdef __cplusplus
     extern "C"
#  endif
   int F77_DUMMY_MAIN() { return 1; }
#endif
int
main ()
{
jpeg_CreateDecompress(0L, 0, 0);
  ;
  return 0;
}
configure:21079: result: no
configure:21082: checking for libjpeg
configure:21131: gcc -o conftest -ansi -W -Wall -pedantic -Wshadow -Wpointer-arith -Wmissing-prototypes -Wwrite-strings -D_XOPEN_SOURCE=500 -D_BSD_SOURCE -O2   -I/usr/X11R6/include   -D_REENTRANT  conftest.c -L/usr/X11R6/lib  -ljpeg -lm >&5
configure:21134: $? = 0
configure:21137: test -s conftest
configure:21140: $? = 0
configure:21157: result: -ljpeg
configure: 21183: ${prefix}/include/jpeglib.h
configure: 21183: /usr/include/jpeglib.h
taking that
configure:21351: checking for Qt
configure: 21418: /usr/lib/qt3-gcc3.2/include/qstyle.h
taking that
tried NO
configure:21528: rm -rf SunWS_cache; g++ -o conftest -Wnon-virtual-dtor -Wno-long-long -Wbad-function-cast -Wundef -Wall -pedantic -W -Wpointer-arith -Wmissing-prototypes -Wwrite-strings -ansi -D_XOPEN_SOURCE=500 -D_BSD_SOURCE -Wcast-align -Wconversion -O2 -O1 -Wall -fno-exceptions -fno-check-new -fexceptions -I/usr/lib/qt3-gcc3.2/include -I/usr/X11R6/include  -DQT_THREAD_SUPPORT  -D_REENTRANT  -L/usr/lib/qt3-gcc3.2/lib -L/usr/X11R6/lib   conftest.cc  -lqt-mt -lpng -lz -lm -ljpeg -ldl  -lXext -lX11 -lSM -lICE  -lresolv -lpthread 1>&5
configure:21531: $? = 0
configure:21590: result: libraries /usr/lib/qt3-gcc3.2/lib, headers /usr/lib/qt3-gcc3.2/include using -mt
configure:21600: checking if Qt compiles without flags
configure:21697: rm -rf SunWS_cache; g++ -o conftest -Wnon-virtual-dtor -Wno-long-long -Wbad-function-cast -Wundef -Wall -pedantic -W -Wpointer-arith -Wmissing-prototypes -Wwrite-strings -ansi -D_XOPEN_SOURCE=500 -D_BSD_SOURCE -Wcast-align -Wconversion -O2 -O1 -Wall -fno-exceptions -fno-check-new -fexceptions -I/usr/lib/qt3-gcc3.2/include  -DQT_THREAD_SUPPORT  -D_REENTRANT  -L/usr/X11R6/lib conftest.cc -lqt-mt -lpng -lz -lm -ljpeg -ldl  -lXext -lX11 -lSM -lICE  -lresolv -lXext -lX11  -lresolv 1>&5
/usr/bin/ld: cannot find -lqt-mt
collect2: ld returned 1 exit status
configure:21700: $? = 1
configure: failed program was:
#include "confdefs.h"
#include <qglobal.h>
#include <qapplication.h>
#include <qcursor.h>
#include <qstylefactory.h>
#include <private/qucomextra_p.h>
#if ! (QT_VERSION >= 303)
#error 1
#endif

int main() {
    (void)QStyleFactory::create(QString::null);
    QCursor c(Qt::WhatsThisCursor);
    return 0;
}
configure:21733: result: no
configure:21771: checking for moc
configure:21840: result: /usr/lib/qt3-gcc3.2/bin/moc
configure:21848: checking for uic
configure:21899: result: /usr/lib/qt3-gcc3.2/bin/uic
configure:21927: checking whether uic supports -L 
configure:21938: /usr/lib/qt3-gcc3.2/bin/uic -L /nonexistant conftest.ui >/dev/null
configure:21941: $? = 0
configure:21953: result: yes
configure:21965: checking whether uic supports -nounload 
configure:21976: /usr/lib/qt3-gcc3.2/bin/uic -nounload  conftest.ui >/dev/null
configure:21979: $? = 0
configure:21991: result: yes
configure:22026: checking if Qt needs -ljpeg
configure:22070: rm -rf SunWS_cache; g++ -o conftest -Wnon-virtual-dtor -Wno-long-long -Wbad-function-cast -Wundef -Wall -pedantic -W -Wpointer-arith -Wmissing-prototypes -Wwrite-strings -ansi -D_XOPEN_SOURCE=500 -D_BSD_SOURCE -Wcast-align -Wconversion -O2 -O1 -Wall -fno-exceptions -fno-check-new -fexceptions -I/usr/lib/qt3-gcc3.2/include -I/usr/X11R6/include   -DQT_THREAD_SUPPORT  -D_REENTRANT  conftest.cc -L/usr/X11R6/lib -L/usr/lib/qt3-gcc3.2/lib -lqt-mt -lpng -lz -lm  -ldl -lXext -lX11 -lSM -lICE -lresolv 1>&5
configure: In function `int main()':
configure:22061: warning: `char**argv' might be used uninitialized in this 
   function
configure:22073: $? = 0
configure:22076: test -s conftest
configure:22079: $? = 0
configure:22105: result: no
configure:22150: checking if admin should be compiled
configure:22162: result: no
configure:22150: checking if autom4te-2.53.cache should be compiled
configure:22162: result: yes
configure:22150: checking if messageserver should be compiled
configure:22162: result: yes
configure:22257: creating ./config.status

## ---------------------- ##
## Running config.status. ##
## ---------------------- ##

This file was extended by config.status, which was
generated by GNU Autoconf 2.53.  Invocation command line was

  CONFIG_FILES    = 
  CONFIG_HEADERS  = 
  CONFIG_LINKS    = 
  CONFIG_COMMANDS = 
  $ ./config.status 

on davevmhp

config.status:682: creating Makefile
config.status:682: creating messageserver/Makefile
config.status:682: creating messageserver/docs/Makefile
config.status:682: creating messageserver/docs/en/Makefile
config.status:786: creating config.h
config.status:921: config.h is unchanged
config.status:1022: executing default-1 commands

## ---------------- ##
## Cache variables. ##
## ---------------- ##

ac_cv_build=i386-pc-linux-gnu
ac_cv_build_alias=i386-linux
ac_cv_c_compiler_gnu=yes
ac_cv_cxx_compiler_gnu=yes
ac_cv_env_CC_set=set
ac_cv_env_CC_value=gcc
ac_cv_env_CFLAGS_set=set
ac_cv_env_CFLAGS_value=
ac_cv_env_CPPFLAGS_set=set
ac_cv_env_CPPFLAGS_value=
ac_cv_env_CPP_set=set
ac_cv_env_CPP_value=cpp
ac_cv_env_CXXCPP_set=
ac_cv_env_CXXCPP_value=
ac_cv_env_CXXFLAGS_set=set
ac_cv_env_CXXFLAGS_value='-O1 -Wall '
ac_cv_env_CXX_set=set
ac_cv_env_CXX_value=g++
ac_cv_env_LDFLAGS_set=set
ac_cv_env_LDFLAGS_value=
ac_cv_env_build_alias_set=set
ac_cv_env_build_alias_value=i386-linux
ac_cv_env_host_alias_set=set
ac_cv_env_host_alias_value=i386-linux
ac_cv_env_target_alias_set=set
ac_cv_env_target_alias_value=i386-linux
ac_cv_exeext=
ac_cv_func__NSGetEnviron=no
ac_cv_func_connect=yes
ac_cv_func_inet_ntoa=yes
ac_cv_func_remove=yes
ac_cv_func_res_init=no
ac_cv_func_shmat=yes
ac_cv_have_dlfcn=yes
ac_cv_have_qt='have_qt=yes     ac_qt_includes=/usr/lib/qt3-gcc3.2/include ac_qt_libraries=/usr/lib/qt3-gcc3.2/lib'
ac_cv_have_xinerama=no
ac_cv_header_CoreAudio_CoreAudio_h=no
ac_cv_header_crt_externs_h=no
ac_cv_header_dlfcn_h=yes
ac_cv_header_inttypes_h=yes
ac_cv_header_memory_h=yes
ac_cv_header_stdc=yes
ac_cv_header_stdint_h=yes
ac_cv_header_stdlib_h=yes
ac_cv_header_string_h=yes
ac_cv_header_strings_h=yes
ac_cv_header_sys_stat_h=yes
ac_cv_header_sys_types_h=yes
ac_cv_header_unistd_h=yes
ac_cv_host=i386-pc-linux-gnu
ac_cv_host_alias=i386-linux
ac_cv_lib_ICE_IceConnectionNumber=yes
ac_cv_lib_compat_main=no
ac_cv_lib_crypt_crypt=yes
ac_cv_lib_dl_dlopen=yes
ac_cv_lib_dld_shl_unload=no
ac_cv_lib_dnet_dnet_ntoa=no
ac_cv_lib_dnet_stub_dnet_ntoa=no
ac_cv_lib_jpeg_6b=no
ac_cv_lib_jpeg_normal=-ljpeg
ac_cv_lib_png='-lpng -lz -lm'
ac_cv_lib_poll_poll=no
ac_cv_lib_pthread_pthread_create=yes
ac_cv_lib_ucb_killpg=no
ac_cv_lib_util_main=yes
ac_cv_lib_z=-lz
ac_cv_objext=o
ac_cv_path_GMSGFMT=/usr/bin/msgfmt
ac_cv_path_MSGFMT=/usr/bin/msgfmt
ac_cv_path_XGETTEXT=/usr/bin/xgettext
ac_cv_path_install='/usr/bin/install -c'
ac_cv_prog_AWK=gawk
ac_cv_prog_CC=gcc
ac_cv_prog_CPP=cpp
ac_cv_prog_CXX=g++
ac_cv_prog_CXXCPP='g++ -E'
ac_cv_prog_ac_ct_RANLIB=ranlib
ac_cv_prog_ac_ct_STRIP=strip
ac_cv_prog_cc_g=yes
ac_cv_prog_cxx_g=yes
ac_cv_prog_make_make_set=yes
ac_cv_sizeof_char=1
ac_cv_sizeof_char_p=4
ac_cv_sizeof_int=4
ac_cv_sizeof_long=4
ac_cv_socklen_t=socklen_t
ac_cv_target=i386-pc-linux-gnu
ac_cv_target_alias=i386-linux
ac_cv_type_char=yes
ac_cv_type_char_p=yes
ac_cv_type_int=yes
ac_cv_type_long=yes
am_cv_CC_dependencies_compiler_type=gcc3
am_cv_CXX_dependencies_compiler_type=gcc3
kde_cv_have_libXext=yes
kde_cv_have_x='have_x=yes          kde_x_includes=/usr/X11R6/include kde_x_libraries=/usr/X11R6/lib'
kde_cv_path=/usr/lib/qt3-gcc3.2/bin/uic
kde_cv_path_moc=/usr/lib/qt3-gcc3.2/bin/moc
kde_cv_path_uic=/usr/lib/qt3-gcc3.2/bin/uic
kde_cv_prog_cxx_Wbad_function_cast=yes
kde_cv_prog_cxx_Wno_long_long=yes
kde_cv_prog_cxx_Wnon_virtual_dtor=yes
kde_cv_prog_cxx_Wundef=yes
kde_cv_prog_cxx_fexceptions=yes
kde_cv_prog_cxx_fno_check_new=yes
kde_cv_prog_cxx_fno_exceptions=yes
kde_cv_prog_cxx_frepo=yes
kde_cv_prog_uic_L=yes
kde_cv_prog_uic_nounload=yes
kde_cv_qt_direct=no
kde_cv_qt_jpeg=no
lt_cv_deplibs_check_method=pass_all
lt_cv_file_magic_cmd='$MAGIC_CMD'
lt_cv_file_magic_test_file='/lib/libc.so.6 /lib/libc-2.2.93.so'
lt_cv_ld_reload_flag=-r
lt_cv_objdir=.libs
lt_cv_path_LD=/usr/bin/ld
lt_cv_path_NM=nm
lt_cv_path_SED=/bin/sed
lt_cv_prog_compiler_c_o=yes
lt_cv_prog_compiler_c_o_CXX=yes
lt_cv_prog_compiler_c_o_GCJ=no
lt_cv_prog_compiler_rtti_exceptions=no
lt_cv_prog_gnu_ld=yes
lt_cv_sys_global_symbol_pipe='sed -n -e '\''s/^.*[ 	]\([ABCDGISTW][ABCDGISTW]*\)[ 	][ 	]*\(\)\([_A-Za-z][_A-Za-z0-9]*\)$/\1 \2\3 \3/p'\'''
lt_cv_sys_global_symbol_to_c_name_address='sed -n -e '\''s/^: \([^ ]*\) $/  {\"\1\", (lt_ptr) 0},/p'\'' -e '\''s/^[BCDEGRST] \([^ ]*\) \([^ ]*\)$/  {"\2", (lt_ptr) \&\2},/p'\'''
lt_cv_sys_global_symbol_to_cdecl='sed -n -e '\''s/^. .* \(.*\)$/extern int \1;/p'\'''
lt_cv_sys_max_cmd_len=32768
lt_lt_cv_prog_compiler_c_o='"yes"'
lt_lt_cv_prog_compiler_c_o_CXX='"yes"'
lt_lt_cv_prog_compiler_c_o_GCJ='"no"'
lt_lt_cv_sys_global_symbol_pipe='"sed -n -e '\''s/^.*[ 	]\\([ABCDGISTW][ABCDGISTW]*\\)[ 	][ 	]*\\(\\)\\([_A-Za-z][_A-Za-z0-9]*\\)\$/\\1 \\2\\3 \\3/p'\''"'
lt_lt_cv_sys_global_symbol_to_c_name_address='"sed -n -e '\''s/^: \\([^ ]*\\) \$/  {\\\"\\1\\\", (lt_ptr) 0},/p'\'' -e '\''s/^[BCDEGRST] \\([^ ]*\\) \\([^ ]*\\)\$/  {\"\\2\", (lt_ptr) \\&\\2},/p'\''"'
lt_lt_cv_sys_global_symbol_to_cdecl='"sed -n -e '\''s/^. .* \\(.*\\)\$/extern int \\1;/p'\''"'

## ----------- ##
## confdefs.h. ##
## ----------- ##

#define PACKAGE_NAME ""
#define PACKAGE_TARNAME ""
#define PACKAGE_VERSION ""
#define PACKAGE_STRING ""
#define PACKAGE_BUGREPORT ""
#define PACKAGE "messageserver"
#define VERSION "0.1"
#ifdef __cplusplus
#include <stdlib.h>
#endif
#define HAVE_TEMPLATE_REPOSITORY 1
#define STDC_HEADERS 1
#define HAVE_SYS_TYPES_H 1
#define HAVE_SYS_STAT_H 1
#define HAVE_STDLIB_H 1
#define HAVE_STRING_H 1
#define HAVE_MEMORY_H 1
#define HAVE_STRINGS_H 1
#define HAVE_INTTYPES_H 1
#define HAVE_STDINT_H 1
#define HAVE_UNISTD_H 1
#define HAVE_DLFCN_H 1
#define HAVE_CRYPT 1
#define ksize_t socklen_t
#define HAVE_SYS_TYPES_H 1
#define HAVE_STDINT_H 1
#define HAVE_RES_INIT 1
#define SIZEOF_INT 4
#define SIZEOF_LONG 4
#define SIZEOF_CHAR_P 4
#define SIZEOF_CHAR 1
#define HAVE_LIBZ 1
#define HAVE_LIBPNG 1
#define HAVE_LIBJPEG 1
#define HAVE_LIBPTHREAD 1

configure: exit 0

## ---------------------- ##
## Running config.status. ##
## ---------------------- ##

This file was extended by config.status, which was
generated by GNU Autoconf 2.53.  Invocation command line was

  CONFIG_FILES    = 
  CONFIG_HEADERS  = config.h
  CONFIG_LINKS    = 
  CONFIG_COMMANDS = 
  $ ./config.status 

on davevmhp

config.status:786: creating config.h
config.status:921: config.h is unchanged
config.status:1022: executing default-1 commands
